<?xml version="1.0" encoding="UTF-8"?>
<!-- Generated by org.testng.reporters.JUnitXMLReporter -->
<testsuite hostname="DESKTOP-8FU55Q9" ignored="0" name="ChromeTest" tests="5" failures="0" timestamp="06 Sep 2020 02:03:01 GMT" time="58.908" errors="0">
  <testcase name="launchHomePageAndDashboard" time="21.559" classname="tests.LaunchHomeAndDashboardTest"/>
  <testcase name="checkGamesDropdown" time="4.178" classname="tests.CheckGamesTest"/>
  <testcase name="checkResultsPageLoad" time="11.369" classname="tests.CheckResultsPageTest"/>
  <testcase name="checkHowToWinPage" time="16.183" classname="tests.CheckHowToWinTest"/>
  <testcase name="checkWatchLiveDraw" time="5.582" classname="tests.WatchLiveDrawTest"/>
</testsuite> <!-- ChromeTest -->
